  [1m[36mActiveRecord::SchemaMigration Load (0.0ms)[0m  [1mSELECT "schema_migrations".* FROM "schema_migrations"[0m
Migrating to CreateTags (20141122181335)
  [1m[35m (0.0ms)[0m  BEGIN
  [1m[36m (78.1ms)[0m  [1mCREATE TABLE "tags" ("id" serial primary key, "body" character varying) [0m
  [1m[35m (23.0ms)[0m  CREATE  INDEX  "index_tags_on_body" ON "tags"  ("body")
  [1m[36m (1.0ms)[0m  [1mCREATE TABLE "contents_tags" ("tag_id" integer NOT NULL, "content_id" integer NOT NULL) [0m
  [1m[35mSQL (1.0ms)[0m  INSERT INTO "schema_migrations" ("version") VALUES ($1)  [["version", "20141122181335"]]
  [1m[36m (1.0ms)[0m  [1mCOMMIT[0m
  [1m[35mActiveRecord::SchemaMigration Load (1.0ms)[0m  SELECT "schema_migrations".* FROM "schema_migrations"
  [1m[36m (2.0ms)[0m  [1mSELECT t2.oid::regclass::text AS to_table, a1.attname AS column, a2.attname AS primary_key, c.conname AS name, c.confupdtype AS on_update, c.confdeltype AS on_delete
FROM pg_constraint c
JOIN pg_class t1 ON c.conrelid = t1.oid
JOIN pg_class t2 ON c.confrelid = t2.oid
JOIN pg_attribute a1 ON a1.attnum = c.conkey[1] AND a1.attrelid = t1.oid
JOIN pg_attribute a2 ON a2.attnum = c.confkey[1] AND a2.attrelid = t2.oid
JOIN pg_namespace t3 ON c.connamespace = t3.oid
WHERE c.contype = 'f'
  AND t1.relname = 'comments'
  AND t3.nspname = ANY (current_schemas(false))
ORDER BY c.conname
[0m
  [1m[35m (2.0ms)[0m  SELECT t2.oid::regclass::text AS to_table, a1.attname AS column, a2.attname AS primary_key, c.conname AS name, c.confupdtype AS on_update, c.confdeltype AS on_delete
FROM pg_constraint c
JOIN pg_class t1 ON c.conrelid = t1.oid
JOIN pg_class t2 ON c.confrelid = t2.oid
JOIN pg_attribute a1 ON a1.attnum = c.conkey[1] AND a1.attrelid = t1.oid
JOIN pg_attribute a2 ON a2.attnum = c.confkey[1] AND a2.attrelid = t2.oid
JOIN pg_namespace t3 ON c.connamespace = t3.oid
WHERE c.contype = 'f'
  AND t1.relname = 'contents'
  AND t3.nspname = ANY (current_schemas(false))
ORDER BY c.conname

  [1m[36m (2.0ms)[0m  [1mSELECT t2.oid::regclass::text AS to_table, a1.attname AS column, a2.attname AS primary_key, c.conname AS name, c.confupdtype AS on_update, c.confdeltype AS on_delete
FROM pg_constraint c
JOIN pg_class t1 ON c.conrelid = t1.oid
JOIN pg_class t2 ON c.confrelid = t2.oid
JOIN pg_attribute a1 ON a1.attnum = c.conkey[1] AND a1.attrelid = t1.oid
JOIN pg_attribute a2 ON a2.attnum = c.confkey[1] AND a2.attrelid = t2.oid
JOIN pg_namespace t3 ON c.connamespace = t3.oid
WHERE c.contype = 'f'
  AND t1.relname = 'contents_tags'
  AND t3.nspname = ANY (current_schemas(false))
ORDER BY c.conname
[0m
  [1m[35m (2.0ms)[0m  SELECT t2.oid::regclass::text AS to_table, a1.attname AS column, a2.attname AS primary_key, c.conname AS name, c.confupdtype AS on_update, c.confdeltype AS on_delete
FROM pg_constraint c
JOIN pg_class t1 ON c.conrelid = t1.oid
JOIN pg_class t2 ON c.confrelid = t2.oid
JOIN pg_attribute a1 ON a1.attnum = c.conkey[1] AND a1.attrelid = t1.oid
JOIN pg_attribute a2 ON a2.attnum = c.confkey[1] AND a2.attrelid = t2.oid
JOIN pg_namespace t3 ON c.connamespace = t3.oid
WHERE c.contype = 'f'
  AND t1.relname = 'invites'
  AND t3.nspname = ANY (current_schemas(false))
ORDER BY c.conname

  [1m[36m (2.0ms)[0m  [1mSELECT t2.oid::regclass::text AS to_table, a1.attname AS column, a2.attname AS primary_key, c.conname AS name, c.confupdtype AS on_update, c.confdeltype AS on_delete
FROM pg_constraint c
JOIN pg_class t1 ON c.conrelid = t1.oid
JOIN pg_class t2 ON c.confrelid = t2.oid
JOIN pg_attribute a1 ON a1.attnum = c.conkey[1] AND a1.attrelid = t1.oid
JOIN pg_attribute a2 ON a2.attnum = c.confkey[1] AND a2.attrelid = t2.oid
JOIN pg_namespace t3 ON c.connamespace = t3.oid
WHERE c.contype = 'f'
  AND t1.relname = 'tags'
  AND t3.nspname = ANY (current_schemas(false))
ORDER BY c.conname
[0m
  [1m[35m (2.0ms)[0m  SELECT t2.oid::regclass::text AS to_table, a1.attname AS column, a2.attname AS primary_key, c.conname AS name, c.confupdtype AS on_update, c.confdeltype AS on_delete
FROM pg_constraint c
JOIN pg_class t1 ON c.conrelid = t1.oid
JOIN pg_class t2 ON c.confrelid = t2.oid
JOIN pg_attribute a1 ON a1.attnum = c.conkey[1] AND a1.attrelid = t1.oid
JOIN pg_attribute a2 ON a2.attnum = c.confkey[1] AND a2.attrelid = t2.oid
JOIN pg_namespace t3 ON c.connamespace = t3.oid
WHERE c.contype = 'f'
  AND t1.relname = 'users'
  AND t3.nspname = ANY (current_schemas(false))
ORDER BY c.conname

  [1m[36m (2.0ms)[0m  [1mSELECT t2.oid::regclass::text AS to_table, a1.attname AS column, a2.attname AS primary_key, c.conname AS name, c.confupdtype AS on_update, c.confdeltype AS on_delete
FROM pg_constraint c
JOIN pg_class t1 ON c.conrelid = t1.oid
JOIN pg_class t2 ON c.confrelid = t2.oid
JOIN pg_attribute a1 ON a1.attnum = c.conkey[1] AND a1.attrelid = t1.oid
JOIN pg_attribute a2 ON a2.attnum = c.confkey[1] AND a2.attrelid = t2.oid
JOIN pg_namespace t3 ON c.connamespace = t3.oid
WHERE c.contype = 'f'
  AND t1.relname = 'votes'
  AND t3.nspname = ANY (current_schemas(false))
ORDER BY c.conname
[0m


Started GET "/" for ::1 at 2014-11-22 16:28:00 -0200
  [1m[36mActiveRecord::SchemaMigration Load (0.0ms)[0m  [1mSELECT "schema_migrations".* FROM "schema_migrations"[0m

ActionController::RoutingError (uninitialized constant YouController):
  activesupport (4.2.0.beta4) lib/active_support/inflector/methods.rb:261:in `const_get'
  activesupport (4.2.0.beta4) lib/active_support/inflector/methods.rb:261:in `block in constantize'
  activesupport (4.2.0.beta4) lib/active_support/inflector/methods.rb:259:in `each'
  activesupport (4.2.0.beta4) lib/active_support/inflector/methods.rb:259:in `inject'
  activesupport (4.2.0.beta4) lib/active_support/inflector/methods.rb:259:in `constantize'
  actionpack (4.2.0.beta4) lib/action_dispatch/routing/route_set.rb:69:in `controller_reference'
  actionpack (4.2.0.beta4) lib/action_dispatch/routing/route_set.rb:59:in `controller'
  actionpack (4.2.0.beta4) lib/action_dispatch/routing/route_set.rb:38:in `serve'
  actionpack (4.2.0.beta4) lib/action_dispatch/journey/router.rb:43:in `block in serve'
  actionpack (4.2.0.beta4) lib/action_dispatch/journey/router.rb:30:in `each'
  actionpack (4.2.0.beta4) lib/action_dispatch/journey/router.rb:30:in `serve'
  actionpack (4.2.0.beta4) lib/action_dispatch/routing/route_set.rb:780:in `call'
  rack (1.6.0.beta) lib/rack/etag.rb:23:in `call'
  rack (1.6.0.beta) lib/rack/conditionalget.rb:25:in `call'
  rack (1.6.0.beta) lib/rack/head.rb:13:in `call'
  actionpack (4.2.0.beta4) lib/action_dispatch/middleware/params_parser.rb:27:in `call'
  actionpack (4.2.0.beta4) lib/action_dispatch/middleware/flash.rb:257:in `call'
  rack (1.6.0.beta) lib/rack/session/abstract/id.rb:225:in `context'
  rack (1.6.0.beta) lib/rack/session/abstract/id.rb:220:in `call'
  actionpack (4.2.0.beta4) lib/action_dispatch/middleware/cookies.rb:558:in `call'
  activerecord (4.2.0.beta4) lib/active_record/query_cache.rb:36:in `call'
  activerecord (4.2.0.beta4) lib/active_record/connection_adapters/abstract/connection_pool.rb:647:in `call'
  activerecord (4.2.0.beta4) lib/active_record/migration.rb:378:in `call'
  actionpack (4.2.0.beta4) lib/action_dispatch/middleware/callbacks.rb:29:in `block in call'
  activesupport (4.2.0.beta4) lib/active_support/callbacks.rb:88:in `call'
  activesupport (4.2.0.beta4) lib/active_support/callbacks.rb:88:in `_run_callbacks'
  activesupport (4.2.0.beta4) lib/active_support/callbacks.rb:734:in `_run_call_callbacks'
  activesupport (4.2.0.beta4) lib/active_support/callbacks.rb:81:in `run_callbacks'
  actionpack (4.2.0.beta4) lib/action_dispatch/middleware/callbacks.rb:27:in `call'
  actionpack (4.2.0.beta4) lib/action_dispatch/middleware/reloader.rb:73:in `call'
  actionpack (4.2.0.beta4) lib/action_dispatch/middleware/remote_ip.rb:78:in `call'
  web-console (2.0.0.beta4) lib/action_dispatch/debug_exceptions.rb:18:in `middleware_call'
  web-console (2.0.0.beta4) lib/action_dispatch/debug_exceptions.rb:13:in `call'
  actionpack (4.2.0.beta4) lib/action_dispatch/middleware/show_exceptions.rb:30:in `call'
  railties (4.2.0.beta4) lib/rails/rack/logger.rb:38:in `call_app'
  railties (4.2.0.beta4) lib/rails/rack/logger.rb:20:in `block in call'
  activesupport (4.2.0.beta4) lib/active_support/tagged_logging.rb:68:in `block in tagged'
  activesupport (4.2.0.beta4) lib/active_support/tagged_logging.rb:26:in `tagged'
  activesupport (4.2.0.beta4) lib/active_support/tagged_logging.rb:68:in `tagged'
  railties (4.2.0.beta4) lib/rails/rack/logger.rb:20:in `call'
  actionpack (4.2.0.beta4) lib/action_dispatch/middleware/request_id.rb:21:in `call'
  rack (1.6.0.beta) lib/rack/methodoverride.rb:22:in `call'
  rack (1.6.0.beta) lib/rack/runtime.rb:17:in `call'
  activesupport (4.2.0.beta4) lib/active_support/cache/strategy/local_cache_middleware.rb:28:in `call'
  rack (1.6.0.beta) lib/rack/lock.rb:17:in `call'
  actionpack (4.2.0.beta4) lib/action_dispatch/middleware/static.rb:113:in `call'
  rack (1.6.0.beta) lib/rack/sendfile.rb:113:in `call'
  railties (4.2.0.beta4) lib/rails/engine.rb:514:in `call'
  railties (4.2.0.beta4) lib/rails/application.rb:161:in `call'
  rack (1.6.0.beta) lib/rack/tempfile_reaper.rb:15:in `call'
  rack (1.6.0.beta) lib/rack/lint.rb:49:in `_call'
  rack (1.6.0.beta) lib/rack/lint.rb:37:in `call'
  rack (1.6.0.beta) lib/rack/showexceptions.rb:24:in `call'
  rack (1.6.0.beta) lib/rack/commonlogger.rb:33:in `call'
  rack (1.6.0.beta) lib/rack/chunked.rb:54:in `call'
  rack (1.6.0.beta) lib/rack/content_length.rb:15:in `call'
  rack (1.6.0.beta) lib/rack/handler/webrick.rb:89:in `service'
  C:/Ruby21/lib/ruby/2.1.0/webrick/httpserver.rb:138:in `service'
  C:/Ruby21/lib/ruby/2.1.0/webrick/httpserver.rb:94:in `run'
  C:/Ruby21/lib/ruby/2.1.0/webrick/server.rb:295:in `block in start_thread'


  Rendered C:/Ruby21/lib/ruby/gems/2.1.0/gems/web-console-2.0.0.beta4/lib/action_dispatch/templates/rescues/_trace.html.erb (3.0ms)
  Rendered C:/Ruby21/lib/ruby/gems/2.1.0/gems/web-console-2.0.0.beta4/lib/action_dispatch/templates/routes/_route.html.erb (0.0ms)
  Rendered C:/Ruby21/lib/ruby/gems/2.1.0/gems/web-console-2.0.0.beta4/lib/action_dispatch/templates/routes/_table.html.erb (54.0ms)
  Rendered C:/Ruby21/lib/ruby/gems/2.1.0/gems/web-console-2.0.0.beta4/lib/action_dispatch/templates/rescues/routing_error.html.erb within rescues/layout (184.1ms)
